<?xml version="1.0" encoding="UTF-8"?>
<!-- Generated by org.testng.reporters.JUnitReportReporter -->
<testsuite hostname="CUONGDUY" failures="3" tests="75" name="test.ApplicationFastFood" time="5.567" errors="3" timestamp="2023-04-07T16:39:17 ICT" skipped="0">
  <testcase classname="test.ApplicationFastFood" name="testChangePass" time="0.072"/>
  <system-out/>
  <testcase classname="test.ApplicationFastFood" name="testChangePass" time="0.076">
    <error message="Cannot invoke &quot;fastfood.entity.User.getUser()&quot; because &quot;fastfood.util.Authention.authention&quot; is null" type="java.lang.NullPointerException">
      <![CDATA[java.lang.NullPointerException: Cannot invoke "fastfood.entity.User.getUser()" because "fastfood.util.Authention.authention" is null
at test.ApplicationFastFood.getChangePassword(ApplicationFastFood.java:4629)
at test.ApplicationFastFood.btnChangePassActionPerformed(ApplicationFastFood.java:3509)
at test.ApplicationFastFood$35.actionPerformed(ApplicationFastFood.java:1689)
at java.desktop/javax.swing.AbstractButton.fireActionPerformed(AbstractButton.java:1972)
at java.desktop/javax.swing.AbstractButton$Handler.actionPerformed(AbstractButton.java:2313)
at java.desktop/javax.swing.DefaultButtonModel.fireActionPerformed(DefaultButtonModel.java:405)
at java.desktop/javax.swing.DefaultButtonModel.setPressed(DefaultButtonModel.java:262)
at java.desktop/javax.swing.AbstractButton.doClick(AbstractButton.java:374)
at java.desktop/javax.swing.AbstractButton.doClick(AbstractButton.java:354)
at test.ApplicationFastFood.testChangePass(ApplicationFastFood.java:5264)
at jdk.internal.reflect.GeneratedMethodAccessor9.invoke(Unknown Source)
at java.base/jdk.internal.reflect.DelegatingMethodAccessorImpl.invoke(DelegatingMethodAccessorImpl.java:43)
at java.base/java.lang.reflect.Method.invoke(Method.java:568)
at org.testng.internal.MethodInvocationHelper.invokeMethod(MethodInvocationHelper.java:133)
at org.testng.internal.TestInvoker.invokeMethod(TestInvoker.java:598)
at org.testng.internal.TestInvoker.invokeTestMethod(TestInvoker.java:173)
at org.testng.internal.MethodRunner.runInSequence(MethodRunner.java:46)
at org.testng.internal.TestInvoker$MethodInvocationAgent.invoke(TestInvoker.java:824)
at org.testng.internal.TestInvoker.invokeTestMethods(TestInvoker.java:146)
at org.testng.internal.TestMethodWorker.invokeTestMethods(TestMethodWorker.java:146)
at org.testng.internal.TestMethodWorker.run(TestMethodWorker.java:128)
at java.base/java.util.ArrayList.forEach(ArrayList.java:1511)
at org.testng.TestRunner.privateRun(TestRunner.java:794)
at org.testng.TestRunner.run(TestRunner.java:596)
at org.testng.SuiteRunner.runTest(SuiteRunner.java:377)
at org.testng.SuiteRunner.runSequentially(SuiteRunner.java:371)
at org.testng.SuiteRunner.privateRun(SuiteRunner.java:332)
at org.testng.SuiteRunner.run(SuiteRunner.java:276)
at org.testng.SuiteRunnerWorker.runSuite(SuiteRunnerWorker.java:53)
at org.testng.SuiteRunnerWorker.run(SuiteRunnerWorker.java:96)
at org.testng.TestNG.runSuitesSequentially(TestNG.java:1212)
at org.testng.TestNG.runSuitesLocally(TestNG.java:1134)
at org.testng.TestNG.runSuites(TestNG.java:1063)
at org.testng.TestNG.run(TestNG.java:1031)
at org.testng.remote.AbstractRemoteTestNG.run(AbstractRemoteTestNG.java:115)
at org.testng.remote.RemoteTestNG.initAndRun(RemoteTestNG.java:251)
at org.testng.remote.RemoteTestNG.main(RemoteTestNG.java:77)
]]>
    </error>
  </testcase> <!-- testChangePass -->
  <system-out/>
  <testcase classname="test.ApplicationFastFood" name="testChangePass" time="0.089"/>
  <system-out/>
  <testcase classname="test.ApplicationFastFood" name="testChangePass" time="0.076"/>
  <system-out/>
  <testcase classname="test.ApplicationFastFood" name="testChangePass" time="0.071"/>
  <system-out/>
  <testcase classname="test.ApplicationFastFood" name="testChangePass" time="0.072"/>
  <system-out/>
  <testcase classname="test.ApplicationFastFood" name="testChangePass" time="0.076"/>
  <system-out/>
  <testcase classname="test.ApplicationFastFood" name="testChangePass" time="0.072"/>
  <system-out/>
  <testcase classname="test.ApplicationFastFood" name="testChangePass" time="0.071">
    <error message="Cannot invoke &quot;fastfood.entity.User.getUser()&quot; because &quot;fastfood.util.Authention.authention&quot; is null" type="java.lang.NullPointerException">
      <![CDATA[java.lang.NullPointerException: Cannot invoke "fastfood.entity.User.getUser()" because "fastfood.util.Authention.authention" is null
at test.ApplicationFastFood.getChangePassword(ApplicationFastFood.java:4629)
at test.ApplicationFastFood.btnChangePassActionPerformed(ApplicationFastFood.java:3509)
at test.ApplicationFastFood$35.actionPerformed(ApplicationFastFood.java:1689)
at java.desktop/javax.swing.AbstractButton.fireActionPerformed(AbstractButton.java:1972)
at java.desktop/javax.swing.AbstractButton$Handler.actionPerformed(AbstractButton.java:2313)
at java.desktop/javax.swing.DefaultButtonModel.fireActionPerformed(DefaultButtonModel.java:405)
at java.desktop/javax.swing.DefaultButtonModel.setPressed(DefaultButtonModel.java:262)
at java.desktop/javax.swing.AbstractButton.doClick(AbstractButton.java:374)
at java.desktop/javax.swing.AbstractButton.doClick(AbstractButton.java:354)
at test.ApplicationFastFood.testChangePass(ApplicationFastFood.java:5264)
at jdk.internal.reflect.GeneratedMethodAccessor9.invoke(Unknown Source)
at java.base/jdk.internal.reflect.DelegatingMethodAccessorImpl.invoke(DelegatingMethodAccessorImpl.java:43)
at java.base/java.lang.reflect.Method.invoke(Method.java:568)
at org.testng.internal.MethodInvocationHelper.invokeMethod(MethodInvocationHelper.java:133)
at org.testng.internal.TestInvoker.invokeMethod(TestInvoker.java:598)
at org.testng.internal.TestInvoker.invokeTestMethod(TestInvoker.java:173)
at org.testng.internal.MethodRunner.runInSequence(MethodRunner.java:46)
at org.testng.internal.TestInvoker$MethodInvocationAgent.invoke(TestInvoker.java:824)
at org.testng.internal.TestInvoker.invokeTestMethods(TestInvoker.java:146)
at org.testng.internal.TestMethodWorker.invokeTestMethods(TestMethodWorker.java:146)
at org.testng.internal.TestMethodWorker.run(TestMethodWorker.java:128)
at java.base/java.util.ArrayList.forEach(ArrayList.java:1511)
at org.testng.TestRunner.privateRun(TestRunner.java:794)
at org.testng.TestRunner.run(TestRunner.java:596)
at org.testng.SuiteRunner.runTest(SuiteRunner.java:377)
at org.testng.SuiteRunner.runSequentially(SuiteRunner.java:371)
at org.testng.SuiteRunner.privateRun(SuiteRunner.java:332)
at org.testng.SuiteRunner.run(SuiteRunner.java:276)
at org.testng.SuiteRunnerWorker.runSuite(SuiteRunnerWorker.java:53)
at org.testng.SuiteRunnerWorker.run(SuiteRunnerWorker.java:96)
at org.testng.TestNG.runSuitesSequentially(TestNG.java:1212)
at org.testng.TestNG.runSuitesLocally(TestNG.java:1134)
at org.testng.TestNG.runSuites(TestNG.java:1063)
at org.testng.TestNG.run(TestNG.java:1031)
at org.testng.remote.AbstractRemoteTestNG.run(AbstractRemoteTestNG.java:115)
at org.testng.remote.RemoteTestNG.initAndRun(RemoteTestNG.java:251)
at org.testng.remote.RemoteTestNG.main(RemoteTestNG.java:77)
]]>
    </error>
  </testcase> <!-- testChangePass -->
  <system-out/>
  <testcase classname="test.ApplicationFastFood" name="testChangePass" time="0.072"/>
  <system-out/>
  <testcase classname="test.ApplicationFastFood" name="testChangePass" time="0.071"/>
  <system-out/>
  <testcase classname="test.ApplicationFastFood" name="testChangePass" time="0.073"/>
  <system-out/>
  <testcase classname="test.ApplicationFastFood" name="testChangePass" time="0.072"/>
  <system-out/>
  <testcase classname="test.ApplicationFastFood" name="testChangePass" time="0.072"/>
  <system-out/>
  <testcase classname="test.ApplicationFastFood" name="testChangePass" time="0.115"/>
  <system-out/>
  <testcase classname="test.ApplicationFastFood" name="testChangePass" time="0.075"/>
  <system-out/>
  <testcase classname="test.ApplicationFastFood" name="testChangePass" time="0.070"/>
  <system-out/>
  <testcase classname="test.ApplicationFastFood" name="testChangePass" time="0.070">
    <failure message="expected [PassCurrent incorrect] but found [Cannot invoke &quot;fastfood.entity.User.getPass()&quot; because &quot;fastfood.util.Authention.authention&quot; is null]" type="java.lang.AssertionError">
      <![CDATA[java.lang.AssertionError: expected [PassCurrent incorrect] but found [Cannot invoke "fastfood.entity.User.getPass()" because "fastfood.util.Authention.authention" is null]
at org.testng.Assert.fail(Assert.java:99)
at org.testng.Assert.failNotEquals(Assert.java:1037)
at org.testng.Assert.assertEqualsImpl(Assert.java:140)
at org.testng.Assert.assertEquals(Assert.java:122)
at org.testng.Assert.assertEquals(Assert.java:629)
at org.testng.Assert.assertEquals(Assert.java:639)
at test.ApplicationFastFood.testChangePass(ApplicationFastFood.java:5265)
at jdk.internal.reflect.GeneratedMethodAccessor9.invoke(Unknown Source)
at java.base/jdk.internal.reflect.DelegatingMethodAccessorImpl.invoke(DelegatingMethodAccessorImpl.java:43)
at java.base/java.lang.reflect.Method.invoke(Method.java:568)
at org.testng.internal.MethodInvocationHelper.invokeMethod(MethodInvocationHelper.java:133)
at org.testng.internal.TestInvoker.invokeMethod(TestInvoker.java:598)
at org.testng.internal.TestInvoker.invokeTestMethod(TestInvoker.java:173)
at org.testng.internal.MethodRunner.runInSequence(MethodRunner.java:46)
at org.testng.internal.TestInvoker$MethodInvocationAgent.invoke(TestInvoker.java:824)
at org.testng.internal.TestInvoker.invokeTestMethods(TestInvoker.java:146)
at org.testng.internal.TestMethodWorker.invokeTestMethods(TestMethodWorker.java:146)
at org.testng.internal.TestMethodWorker.run(TestMethodWorker.java:128)
at java.base/java.util.ArrayList.forEach(ArrayList.java:1511)
at org.testng.TestRunner.privateRun(TestRunner.java:794)
at org.testng.TestRunner.run(TestRunner.java:596)
at org.testng.SuiteRunner.runTest(SuiteRunner.java:377)
at org.testng.SuiteRunner.runSequentially(SuiteRunner.java:371)
at org.testng.SuiteRunner.privateRun(SuiteRunner.java:332)
at org.testng.SuiteRunner.run(SuiteRunner.java:276)
at org.testng.SuiteRunnerWorker.runSuite(SuiteRunnerWorker.java:53)
at org.testng.SuiteRunnerWorker.run(SuiteRunnerWorker.java:96)
at org.testng.TestNG.runSuitesSequentially(TestNG.java:1212)
at org.testng.TestNG.runSuitesLocally(TestNG.java:1134)
at org.testng.TestNG.runSuites(TestNG.java:1063)
at org.testng.TestNG.run(TestNG.java:1031)
at org.testng.remote.AbstractRemoteTestNG.run(AbstractRemoteTestNG.java:115)
at org.testng.remote.RemoteTestNG.initAndRun(RemoteTestNG.java:251)
at org.testng.remote.RemoteTestNG.main(RemoteTestNG.java:77)
]]>
    </failure>
  </testcase> <!-- testChangePass -->
  <system-out/>
  <testcase classname="test.ApplicationFastFood" name="testChangePass" time="0.071"/>
  <system-out/>
  <testcase classname="test.ApplicationFastFood" name="testChangePass" time="0.073"/>
  <system-out/>
  <testcase classname="test.ApplicationFastFood" name="testChangePass" time="0.074"/>
  <system-out/>
  <testcase classname="test.ApplicationFastFood" name="testChangePass" time="0.071"/>
  <system-out/>
  <testcase classname="test.ApplicationFastFood" name="testChangePass" time="0.075"/>
  <system-out/>
  <testcase classname="test.ApplicationFastFood" name="testChangePass" time="0.078">
    <failure message="expected [PassCurrent incorrect] but found [Cannot invoke &quot;fastfood.entity.User.getPass()&quot; because &quot;fastfood.util.Authention.authention&quot; is null]" type="java.lang.AssertionError">
      <![CDATA[java.lang.AssertionError: expected [PassCurrent incorrect] but found [Cannot invoke "fastfood.entity.User.getPass()" because "fastfood.util.Authention.authention" is null]
at org.testng.Assert.fail(Assert.java:99)
at org.testng.Assert.failNotEquals(Assert.java:1037)
at org.testng.Assert.assertEqualsImpl(Assert.java:140)
at org.testng.Assert.assertEquals(Assert.java:122)
at org.testng.Assert.assertEquals(Assert.java:629)
at org.testng.Assert.assertEquals(Assert.java:639)
at test.ApplicationFastFood.testChangePass(ApplicationFastFood.java:5265)
at jdk.internal.reflect.GeneratedMethodAccessor9.invoke(Unknown Source)
at java.base/jdk.internal.reflect.DelegatingMethodAccessorImpl.invoke(DelegatingMethodAccessorImpl.java:43)
at java.base/java.lang.reflect.Method.invoke(Method.java:568)
at org.testng.internal.MethodInvocationHelper.invokeMethod(MethodInvocationHelper.java:133)
at org.testng.internal.TestInvoker.invokeMethod(TestInvoker.java:598)
at org.testng.internal.TestInvoker.invokeTestMethod(TestInvoker.java:173)
at org.testng.internal.MethodRunner.runInSequence(MethodRunner.java:46)
at org.testng.internal.TestInvoker$MethodInvocationAgent.invoke(TestInvoker.java:824)
at org.testng.internal.TestInvoker.invokeTestMethods(TestInvoker.java:146)
at org.testng.internal.TestMethodWorker.invokeTestMethods(TestMethodWorker.java:146)
at org.testng.internal.TestMethodWorker.run(TestMethodWorker.java:128)
at java.base/java.util.ArrayList.forEach(ArrayList.java:1511)
at org.testng.TestRunner.privateRun(TestRunner.java:794)
at org.testng.TestRunner.run(TestRunner.java:596)
at org.testng.SuiteRunner.runTest(SuiteRunner.java:377)
at org.testng.SuiteRunner.runSequentially(SuiteRunner.java:371)
at org.testng.SuiteRunner.privateRun(SuiteRunner.java:332)
at org.testng.SuiteRunner.run(SuiteRunner.java:276)
at org.testng.SuiteRunnerWorker.runSuite(SuiteRunnerWorker.java:53)
at org.testng.SuiteRunnerWorker.run(SuiteRunnerWorker.java:96)
at org.testng.TestNG.runSuitesSequentially(TestNG.java:1212)
at org.testng.TestNG.runSuitesLocally(TestNG.java:1134)
at org.testng.TestNG.runSuites(TestNG.java:1063)
at org.testng.TestNG.run(TestNG.java:1031)
at org.testng.remote.AbstractRemoteTestNG.run(AbstractRemoteTestNG.java:115)
at org.testng.remote.RemoteTestNG.initAndRun(RemoteTestNG.java:251)
at org.testng.remote.RemoteTestNG.main(RemoteTestNG.java:77)
]]>
    </failure>
  </testcase> <!-- testChangePass -->
  <system-out/>
  <testcase classname="test.ApplicationFastFood" name="testChangePass" time="0.071"/>
  <system-out/>
  <testcase classname="test.ApplicationFastFood" name="testChangePass" time="0.072"/>
  <system-out/>
  <testcase classname="test.ApplicationFastFood" name="testChangePass" time="0.070"/>
  <system-out/>
  <testcase classname="test.ApplicationFastFood" name="testChangePass" time="0.073"/>
  <system-out/>
  <testcase classname="test.ApplicationFastFood" name="testChangePass" time="0.077"/>
  <system-out/>
  <testcase classname="test.ApplicationFastFood" name="testChangePass" time="0.077"/>
  <system-out/>
  <testcase classname="test.ApplicationFastFood" name="testChangePass" time="0.074"/>
  <system-out/>
  <testcase classname="test.ApplicationFastFood" name="testChangePass" time="0.072"/>
  <system-out/>
  <testcase classname="test.ApplicationFastFood" name="testChangePass" time="0.071"/>
  <system-out/>
  <testcase classname="test.ApplicationFastFood" name="testChangePass" time="0.070"/>
  <system-out/>
  <testcase classname="test.ApplicationFastFood" name="testChangePass" time="0.072"/>
  <system-out/>
  <testcase classname="test.ApplicationFastFood" name="testChangePass" time="0.072"/>
  <system-out/>
  <testcase classname="test.ApplicationFastFood" name="testChangePass" time="0.071"/>
  <system-out/>
  <testcase classname="test.ApplicationFastFood" name="testChangePass" time="0.071"/>
  <system-out/>
  <testcase classname="test.ApplicationFastFood" name="testChangePass" time="0.072"/>
  <system-out/>
  <testcase classname="test.ApplicationFastFood" name="testChangePass" time="0.076"/>
  <system-out/>
  <testcase classname="test.ApplicationFastFood" name="testChangePass" time="0.074"/>
  <system-out/>
  <testcase classname="test.ApplicationFastFood" name="testChangePass" time="0.072"/>
  <system-out/>
  <testcase classname="test.ApplicationFastFood" name="testChangePass" time="0.074"/>
  <system-out/>
  <testcase classname="test.ApplicationFastFood" name="testChangePass" time="0.074"/>
  <system-out/>
  <testcase classname="test.ApplicationFastFood" name="testChangePass" time="0.070"/>
  <system-out/>
  <testcase classname="test.ApplicationFastFood" name="testChangePass" time="0.078"/>
  <system-out/>
  <testcase classname="test.ApplicationFastFood" name="testChangePass" time="0.073">
    <error message="Cannot invoke &quot;fastfood.entity.User.getUser()&quot; because &quot;fastfood.util.Authention.authention&quot; is null" type="java.lang.NullPointerException">
      <![CDATA[java.lang.NullPointerException: Cannot invoke "fastfood.entity.User.getUser()" because "fastfood.util.Authention.authention" is null
at test.ApplicationFastFood.getChangePassword(ApplicationFastFood.java:4629)
at test.ApplicationFastFood.btnChangePassActionPerformed(ApplicationFastFood.java:3509)
at test.ApplicationFastFood$35.actionPerformed(ApplicationFastFood.java:1689)
at java.desktop/javax.swing.AbstractButton.fireActionPerformed(AbstractButton.java:1972)
at java.desktop/javax.swing.AbstractButton$Handler.actionPerformed(AbstractButton.java:2313)
at java.desktop/javax.swing.DefaultButtonModel.fireActionPerformed(DefaultButtonModel.java:405)
at java.desktop/javax.swing.DefaultButtonModel.setPressed(DefaultButtonModel.java:262)
at java.desktop/javax.swing.AbstractButton.doClick(AbstractButton.java:374)
at java.desktop/javax.swing.AbstractButton.doClick(AbstractButton.java:354)
at test.ApplicationFastFood.testChangePass(ApplicationFastFood.java:5264)
at jdk.internal.reflect.GeneratedMethodAccessor9.invoke(Unknown Source)
at java.base/jdk.internal.reflect.DelegatingMethodAccessorImpl.invoke(DelegatingMethodAccessorImpl.java:43)
at java.base/java.lang.reflect.Method.invoke(Method.java:568)
at org.testng.internal.MethodInvocationHelper.invokeMethod(MethodInvocationHelper.java:133)
at org.testng.internal.TestInvoker.invokeMethod(TestInvoker.java:598)
at org.testng.internal.TestInvoker.invokeTestMethod(TestInvoker.java:173)
at org.testng.internal.MethodRunner.runInSequence(MethodRunner.java:46)
at org.testng.internal.TestInvoker$MethodInvocationAgent.invoke(TestInvoker.java:824)
at org.testng.internal.TestInvoker.invokeTestMethods(TestInvoker.java:146)
at org.testng.internal.TestMethodWorker.invokeTestMethods(TestMethodWorker.java:146)
at org.testng.internal.TestMethodWorker.run(TestMethodWorker.java:128)
at java.base/java.util.ArrayList.forEach(ArrayList.java:1511)
at org.testng.TestRunner.privateRun(TestRunner.java:794)
at org.testng.TestRunner.run(TestRunner.java:596)
at org.testng.SuiteRunner.runTest(SuiteRunner.java:377)
at org.testng.SuiteRunner.runSequentially(SuiteRunner.java:371)
at org.testng.SuiteRunner.privateRun(SuiteRunner.java:332)
at org.testng.SuiteRunner.run(SuiteRunner.java:276)
at org.testng.SuiteRunnerWorker.runSuite(SuiteRunnerWorker.java:53)
at org.testng.SuiteRunnerWorker.run(SuiteRunnerWorker.java:96)
at org.testng.TestNG.runSuitesSequentially(TestNG.java:1212)
at org.testng.TestNG.runSuitesLocally(TestNG.java:1134)
at org.testng.TestNG.runSuites(TestNG.java:1063)
at org.testng.TestNG.run(TestNG.java:1031)
at org.testng.remote.AbstractRemoteTestNG.run(AbstractRemoteTestNG.java:115)
at org.testng.remote.RemoteTestNG.initAndRun(RemoteTestNG.java:251)
at org.testng.remote.RemoteTestNG.main(RemoteTestNG.java:77)
]]>
    </error>
  </testcase> <!-- testChangePass -->
  <system-out/>
  <testcase classname="test.ApplicationFastFood" name="testChangePass" time="0.072"/>
  <system-out/>
  <testcase classname="test.ApplicationFastFood" name="testChangePass" time="0.073"/>
  <system-out/>
  <testcase classname="test.ApplicationFastFood" name="testChangePass" time="0.071"/>
  <system-out/>
  <testcase classname="test.ApplicationFastFood" name="testChangePass" time="0.083"/>
  <system-out/>
  <testcase classname="test.ApplicationFastFood" name="testChangePass" time="0.072"/>
  <system-out/>
  <testcase classname="test.ApplicationFastFood" name="testChangePass" time="0.074"/>
  <system-out/>
  <testcase classname="test.ApplicationFastFood" name="testChangePass" time="0.073"/>
  <system-out/>
  <testcase classname="test.ApplicationFastFood" name="testChangePass" time="0.082"/>
  <system-out/>
  <testcase classname="test.ApplicationFastFood" name="testChangePass" time="0.071"/>
  <system-out/>
  <testcase classname="test.ApplicationFastFood" name="testChangePass" time="0.083"/>
  <system-out/>
  <testcase classname="test.ApplicationFastFood" name="testChangePass" time="0.073"/>
  <system-out/>
  <testcase classname="test.ApplicationFastFood" name="testChangePass" time="0.072"/>
  <system-out/>
  <testcase classname="test.ApplicationFastFood" name="testChangePass" time="0.076">
    <failure message="expected [] but found [PassCurrent cann&#039;t be empty]" type="java.lang.AssertionError">
      <![CDATA[java.lang.AssertionError: expected [] but found [PassCurrent cann't be empty]
at org.testng.Assert.fail(Assert.java:99)
at org.testng.Assert.failNotEquals(Assert.java:1037)
at org.testng.Assert.assertEqualsImpl(Assert.java:140)
at org.testng.Assert.assertEquals(Assert.java:122)
at org.testng.Assert.assertEquals(Assert.java:629)
at org.testng.Assert.assertEquals(Assert.java:639)
at test.ApplicationFastFood.testChangePass(ApplicationFastFood.java:5265)
at java.base/jdk.internal.reflect.NativeMethodAccessorImpl.invoke0(Native Method)
at java.base/jdk.internal.reflect.NativeMethodAccessorImpl.invoke(NativeMethodAccessorImpl.java:77)
at java.base/jdk.internal.reflect.DelegatingMethodAccessorImpl.invoke(DelegatingMethodAccessorImpl.java:43)
at java.base/java.lang.reflect.Method.invoke(Method.java:568)
at org.testng.internal.MethodInvocationHelper.invokeMethod(MethodInvocationHelper.java:133)
at org.testng.internal.TestInvoker.invokeMethod(TestInvoker.java:598)
at org.testng.internal.TestInvoker.invokeTestMethod(TestInvoker.java:173)
at org.testng.internal.MethodRunner.runInSequence(MethodRunner.java:46)
at org.testng.internal.TestInvoker$MethodInvocationAgent.invoke(TestInvoker.java:824)
at org.testng.internal.TestInvoker.invokeTestMethods(TestInvoker.java:146)
at org.testng.internal.TestMethodWorker.invokeTestMethods(TestMethodWorker.java:146)
at org.testng.internal.TestMethodWorker.run(TestMethodWorker.java:128)
at java.base/java.util.ArrayList.forEach(ArrayList.java:1511)
at org.testng.TestRunner.privateRun(TestRunner.java:794)
at org.testng.TestRunner.run(TestRunner.java:596)
at org.testng.SuiteRunner.runTest(SuiteRunner.java:377)
at org.testng.SuiteRunner.runSequentially(SuiteRunner.java:371)
at org.testng.SuiteRunner.privateRun(SuiteRunner.java:332)
at org.testng.SuiteRunner.run(SuiteRunner.java:276)
at org.testng.SuiteRunnerWorker.runSuite(SuiteRunnerWorker.java:53)
at org.testng.SuiteRunnerWorker.run(SuiteRunnerWorker.java:96)
at org.testng.TestNG.runSuitesSequentially(TestNG.java:1212)
at org.testng.TestNG.runSuitesLocally(TestNG.java:1134)
at org.testng.TestNG.runSuites(TestNG.java:1063)
at org.testng.TestNG.run(TestNG.java:1031)
at org.testng.remote.AbstractRemoteTestNG.run(AbstractRemoteTestNG.java:115)
at org.testng.remote.RemoteTestNG.initAndRun(RemoteTestNG.java:251)
at org.testng.remote.RemoteTestNG.main(RemoteTestNG.java:77)
]]>
    </failure>
  </testcase> <!-- testChangePass -->
  <system-out/>
  <testcase classname="test.ApplicationFastFood" name="testChangePass" time="0.074"/>
  <system-out/>
  <testcase classname="test.ApplicationFastFood" name="testChangePass" time="0.075"/>
  <system-out/>
  <testcase classname="test.ApplicationFastFood" name="testChangePass" time="0.072"/>
  <system-out/>
  <testcase classname="test.ApplicationFastFood" name="testChangePass" time="0.083"/>
  <system-out/>
  <testcase classname="test.ApplicationFastFood" name="testChangePass" time="0.072"/>
  <system-out/>
  <testcase classname="test.ApplicationFastFood" name="testChangePass" time="0.076"/>
  <system-out/>
  <testcase classname="test.ApplicationFastFood" name="testChangePass" time="0.077"/>
  <system-out/>
  <testcase classname="test.ApplicationFastFood" name="testChangePass" time="0.076"/>
  <system-out/>
  <testcase classname="test.ApplicationFastFood" name="testChangePass" time="0.069"/>
  <system-out/>
  <testcase classname="test.ApplicationFastFood" name="testChangePass" time="0.071"/>
  <system-out/>
  <testcase classname="test.ApplicationFastFood" name="testChangePass" time="0.073"/>
  <system-out/>
  <testcase classname="test.ApplicationFastFood" name="testChangePass" time="0.073"/>
  <system-out/>
  <testcase classname="test.ApplicationFastFood" name="testChangePass" time="0.074"/>
  <system-out/>
  <testcase classname="test.ApplicationFastFood" name="testChangePass" time="0.073"/>
  <system-out/>
  <testcase classname="test.ApplicationFastFood" name="testChangePass" time="0.071"/>
  <system-out/>
</testsuite> <!-- test.ApplicationFastFood -->
